{"/Users/ritaemili/Desktop/react-travis/src/components/App.js": {"path":"/Users/ritaemili/Desktop/react-travis/src/components/App.js","statementMap":{"0":{"start":{"line":6,"column":8},"end":{"line":13,"column":10}}},"fnMap":{"0":{"name":"(anonymous_0)","decl":{"start":{"line":5,"column":4},"end":{"line":5,"column":5}},"loc":{"start":{"line":5,"column":13},"end":{"line":14,"column":5}},"line":5}},"branchMap":{},"s":{"0":1},"f":{"0":1},"b":{},"_coverageSchema":"43e27e138ebf9cfc5966b082cf9a028302ed4184","hash":"04a3f259859d3ec8db5bcec6283a4e6f2bb05ad6"}
}
